Running main...
Got 10 total articles
[
  {
    "source": "ZeroTackle",
    "title": "2025 U18s Australian Schoolgirls team announced",
    "url": "https://www.zerotackle.com/2025-u18s-australian-schoolgirls-team-announced-224500/",
    "timestamp": "2025-07-21T11:43:49.052494"
  },
  {
    "source": "ZeroTackle",
    "title": "Bulldogs launch Topine defence over training incident",
    "url": "https://www.zerotackle.com/bulldogs-launch-topine-defence-over-training-incident-224503/",
    "timestamp": "2025-07-21T11:43:49.052491"
  },
  {
    "source": "ZeroTackle",
    "title": "Todd Payten\u2019s position under threat as candidate waits in the wings",
    "url": "https://www.zerotackle.com/todd-paytens-position-under-threat-as-candidate-waits-in-the-wings-224458/",
    "timestamp": "2025-07-21T11:43:49.052488"
  },
  {
    "source": "ZeroTackle",
    "title": "May\u2019s dominate as Tedesco fails: Zero Tackle\u2019s NRL MVP, Round 20",
    "url": "https://www.zerotackle.com/mays-dominate-as-tedesco-fails-zero-tackles-nrl-mvp-round-20-224508/",
    "timestamp": "2025-07-21T11:43:49.052484"
  },
  {
    "source": "ZeroTackle",
    "title": "Tabuai-Fidow becomes latest Kangaroo to weigh up international switch",
    "url": "https://www.zerotackle.com/tabuai-fidow-becomes-latest-kangaroo-to-weigh-up-international-switch-224505/",
    "timestamp": "2025-07-21T11:43:49.052470"
  },
  {
    "source": "NRL",
    "title": "Season HighlightsRound 20: Lehi to the rescuePresented by5 hours ago",
    "url": "https://www.nrl.com/news/2025/07/21/round-20-lehi-to-the-rescue/",
    "timestamp": "2025-07-21T11:43:47.828057"
  },
  {
    "source": "NRL",
    "title": "Season HighlightsRound 3: A Banu belter!Presented by5 hours ago",
    "url": "https://www.nrl.com/news/2025/07/21/round-3-a-banu-belter/",
    "timestamp": "2025-07-21T11:43:47.828035"
  },
  {
    "source": "NRL",
    "title": "JudiciaryNRL Judiciary Report: Asofa-Solomona cops two-game ban4 hours ago",
    "url": "https://www.nrl.com/news/2025/01/01/nrl-judiciary-report-2025/",
    "timestamp": "2025-07-21T11:43:47.828012"
  },
  {
    "source": "NRL",
    "title": "NRL NewsNRL Best Moments - Round 204 hours ago",
    "url": "https://www.nrl.com/news/2025/07/21/nrl-best-moments---round-20/",
    "timestamp": "2025-07-21T11:43:47.827994"
  },
  {
    "source": "NRL",
    "title": "NRLW NewsNRLW Best Moments - Round 34 hours ago",
    "url": "https://www.nrl.com/news/2025/07/21/nrlw-best-moments---round-3/",
    "timestamp": "2025-07-21T11:43:47.827957"
  }
]
Running main...
Got 10 total articles
[
  {
    "source": "ZeroTackle",
    "title": "2025 U18s Australian Schoolgirls team announced",
    "url": "https://www.zerotackle.com/2025-u18s-australian-schoolgirls-team-announced-224500/",
    "timestamp": "2025-07-21T13:00:15.456881"
  },
  {
    "source": "ZeroTackle",
    "title": "Bulldogs launch Topine defence over training incident",
    "url": "https://www.zerotackle.com/bulldogs-launch-topine-defence-over-training-incident-224503/",
    "timestamp": "2025-07-21T13:00:15.456878"
  },
  {
    "source": "ZeroTackle",
    "title": "Todd Payten\u2019s position under threat as candidate waits in the wings",
    "url": "https://www.zerotackle.com/todd-paytens-position-under-threat-as-candidate-waits-in-the-wings-224458/",
    "timestamp": "2025-07-21T13:00:15.456874"
  },
  {
    "source": "ZeroTackle",
    "title": "May\u2019s dominate as Tedesco fails: Zero Tackle\u2019s NRL MVP, Round 20",
    "url": "https://www.zerotackle.com/mays-dominate-as-tedesco-fails-zero-tackles-nrl-mvp-round-20-224508/",
    "timestamp": "2025-07-21T13:00:15.456870"
  },
  {
    "source": "ZeroTackle",
    "title": "Tabuai-Fidow becomes latest Kangaroo to weigh up international switch",
    "url": "https://www.zerotackle.com/tabuai-fidow-becomes-latest-kangaroo-to-weigh-up-international-switch-224505/",
    "timestamp": "2025-07-21T13:00:15.456855"
  },
  {
    "source": "NRL",
    "title": "Season HighlightsRound 20: Lehi to the rescuePresented by6 hours ago",
    "url": "https://www.nrl.com/news/2025/07/21/round-20-lehi-to-the-rescue/",
    "timestamp": "2025-07-21T13:00:14.158752"
  },
  {
    "source": "NRL",
    "title": "Season HighlightsRound 3: A Banu belter!Presented by6 hours ago",
    "url": "https://www.nrl.com/news/2025/07/21/round-3-a-banu-belter/",
    "timestamp": "2025-07-21T13:00:14.158729"
  },
  {
    "source": "NRL",
    "title": "JudiciaryNRL Judiciary Report: Asofa-Solomona cops two-game ban6 hours ago",
    "url": "https://www.nrl.com/news/2025/01/01/nrl-judiciary-report-2025/",
    "timestamp": "2025-07-21T13:00:14.158705"
  },
  {
    "source": "NRL",
    "title": "NRL NewsNRL Best Moments - Round 205 hours ago",
    "url": "https://www.nrl.com/news/2025/07/21/nrl-best-moments---round-20/",
    "timestamp": "2025-07-21T13:00:14.158685"
  },
  {
    "source": "NRL",
    "title": "NRLW NewsNRLW Best Moments - Round 35 hours ago",
    "url": "https://www.nrl.com/news/2025/07/21/nrlw-best-moments---round-3/",
    "timestamp": "2025-07-21T13:00:14.158643"
  }
]
Running main...
Got 10 total articles
[
  {
    "source": "ZeroTackle",
    "title": "2025 U18s Australian Schoolgirls team announced",
    "url": "https://www.zerotackle.com/2025-u18s-australian-schoolgirls-team-announced-224500/",
    "timestamp": "2025-07-21T14:32:05.266065"
  },
  {
    "source": "ZeroTackle",
    "title": "Bulldogs launch Topine defence over training incident",
    "url": "https://www.zerotackle.com/bulldogs-launch-topine-defence-over-training-incident-224503/",
    "timestamp": "2025-07-21T14:32:05.266062"
  },
  {
    "source": "ZeroTackle",
    "title": "Todd Payten\u2019s position under threat as candidate waits in the wings",
    "url": "https://www.zerotackle.com/todd-paytens-position-under-threat-as-candidate-waits-in-the-wings-224458/",
    "timestamp": "2025-07-21T14:32:05.266059"
  },
  {
    "source": "ZeroTackle",
    "title": "May\u2019s dominate as Tedesco fails: Zero Tackle\u2019s NRL MVP, Round 20",
    "url": "https://www.zerotackle.com/mays-dominate-as-tedesco-fails-zero-tackles-nrl-mvp-round-20-224508/",
    "timestamp": "2025-07-21T14:32:05.266055"
  },
  {
    "source": "ZeroTackle",
    "title": "Tabuai-Fidow becomes latest Kangaroo to weigh up international switch",
    "url": "https://www.zerotackle.com/tabuai-fidow-becomes-latest-kangaroo-to-weigh-up-international-switch-224505/",
    "timestamp": "2025-07-21T14:32:05.266040"
  },
  {
    "source": "NRL",
    "title": "Season HighlightsRound 20: Lehi to the rescuePresented by8 hours ago",
    "url": "https://www.nrl.com/news/2025/07/21/round-20-lehi-to-the-rescue/",
    "timestamp": "2025-07-21T14:32:04.210575"
  },
  {
    "source": "NRL",
    "title": "Season HighlightsRound 3: A Banu belter!Presented by8 hours ago",
    "url": "https://www.nrl.com/news/2025/07/21/round-3-a-banu-belter/",
    "timestamp": "2025-07-21T14:32:04.210553"
  },
  {
    "source": "NRL",
    "title": "JudiciaryNRL Judiciary Report: Asofa-Solomona cops two-game ban7 hours ago",
    "url": "https://www.nrl.com/news/2025/01/01/nrl-judiciary-report-2025/",
    "timestamp": "2025-07-21T14:32:04.210531"
  },
  {
    "source": "NRL",
    "title": "NRL NewsNRL Best Moments - Round 207 hours ago",
    "url": "https://www.nrl.com/news/2025/07/21/nrl-best-moments---round-20/",
    "timestamp": "2025-07-21T14:32:04.210512"
  },
  {
    "source": "NRL",
    "title": "NRLW NewsNRLW Best Moments - Round 37 hours ago",
    "url": "https://www.nrl.com/news/2025/07/21/nrlw-best-moments---round-3/",
    "timestamp": "2025-07-21T14:32:04.210475"
  }
]
Running main...
Got 10 total articles
[
  {
    "source": "ZeroTackle",
    "title": "2025 U18s Australian Schoolgirls team announced",
    "url": "https://www.zerotackle.com/2025-u18s-australian-schoolgirls-team-announced-224500/",
    "timestamp": "2025-07-21T14:50:59.976655"
  },
  {
    "source": "ZeroTackle",
    "title": "Bulldogs launch Topine defence over training incident",
    "url": "https://www.zerotackle.com/bulldogs-launch-topine-defence-over-training-incident-224503/",
    "timestamp": "2025-07-21T14:50:59.976653"
  },
  {
    "source": "ZeroTackle",
    "title": "Todd Payten\u2019s position under threat as candidate waits in the wings",
    "url": "https://www.zerotackle.com/todd-paytens-position-under-threat-as-candidate-waits-in-the-wings-224458/",
    "timestamp": "2025-07-21T14:50:59.976650"
  },
  {
    "source": "ZeroTackle",
    "title": "May\u2019s dominate as Tedesco fails: Zero Tackle\u2019s NRL MVP, Round 20",
    "url": "https://www.zerotackle.com/mays-dominate-as-tedesco-fails-zero-tackles-nrl-mvp-round-20-224508/",
    "timestamp": "2025-07-21T14:50:59.976645"
  },
  {
    "source": "ZeroTackle",
    "title": "Tabuai-Fidow becomes latest Kangaroo to weigh up international switch",
    "url": "https://www.zerotackle.com/tabuai-fidow-becomes-latest-kangaroo-to-weigh-up-international-switch-224505/",
    "timestamp": "2025-07-21T14:50:59.976631"
  },
  {
    "source": "NRL",
    "title": "Season HighlightsRound 20: Lehi to the rescuePresented by8 hours ago",
    "url": "https://www.nrl.com/news/2025/07/21/round-20-lehi-to-the-rescue/",
    "timestamp": "2025-07-21T14:50:58.823375"
  },
  {
    "source": "NRL",
    "title": "Season HighlightsRound 3: A Banu belter!Presented by8 hours ago",
    "url": "https://www.nrl.com/news/2025/07/21/round-3-a-banu-belter/",
    "timestamp": "2025-07-21T14:50:58.823353"
  },
  {
    "source": "NRL",
    "title": "JudiciaryNRL Judiciary Report: Asofa-Solomona cops two-game ban7 hours ago",
    "url": "https://www.nrl.com/news/2025/01/01/nrl-judiciary-report-2025/",
    "timestamp": "2025-07-21T14:50:58.823330"
  },
  {
    "source": "NRL",
    "title": "NRL NewsNRL Best Moments - Round 207 hours ago",
    "url": "https://www.nrl.com/news/2025/07/21/nrl-best-moments---round-20/",
    "timestamp": "2025-07-21T14:50:58.823312"
  },
  {
    "source": "NRL",
    "title": "NRLW NewsNRLW Best Moments - Round 37 hours ago",
    "url": "https://www.nrl.com/news/2025/07/21/nrlw-best-moments---round-3/",
    "timestamp": "2025-07-21T14:50:58.823274"
  }
]
Running main...
Got 10 total articles
[
  {
    "source": "ZeroTackle",
    "title": "2025 U18s Australian Schoolgirls team announced",
    "url": "https://www.zerotackle.com/2025-u18s-australian-schoolgirls-team-announced-224500/",
    "timestamp": "2025-07-21T16:00:15.191888"
  },
  {
    "source": "ZeroTackle",
    "title": "Bulldogs launch Topine defence over training incident",
    "url": "https://www.zerotackle.com/bulldogs-launch-topine-defence-over-training-incident-224503/",
    "timestamp": "2025-07-21T16:00:15.191885"
  },
  {
    "source": "ZeroTackle",
    "title": "Todd Payten\u2019s position under threat as candidate waits in the wings",
    "url": "https://www.zerotackle.com/todd-paytens-position-under-threat-as-candidate-waits-in-the-wings-224458/",
    "timestamp": "2025-07-21T16:00:15.191881"
  },
  {
    "source": "ZeroTackle",
    "title": "May\u2019s dominate as Tedesco fails: Zero Tackle\u2019s NRL MVP, Round 20",
    "url": "https://www.zerotackle.com/mays-dominate-as-tedesco-fails-zero-tackles-nrl-mvp-round-20-224508/",
    "timestamp": "2025-07-21T16:00:15.191877"
  },
  {
    "source": "ZeroTackle",
    "title": "Tabuai-Fidow becomes latest Kangaroo to weigh up international switch",
    "url": "https://www.zerotackle.com/tabuai-fidow-becomes-latest-kangaroo-to-weigh-up-international-switch-224505/",
    "timestamp": "2025-07-21T16:00:15.191864"
  },
  {
    "source": "NRL",
    "title": "Season HighlightsRound 20: Lehi to the rescuePresented by9 hours ago",
    "url": "https://www.nrl.com/news/2025/07/21/round-20-lehi-to-the-rescue/",
    "timestamp": "2025-07-21T16:00:14.100199"
  },
  {
    "source": "NRL",
    "title": "Season HighlightsRound 3: A Banu belter!Presented by9 hours ago",
    "url": "https://www.nrl.com/news/2025/07/21/round-3-a-banu-belter/",
    "timestamp": "2025-07-21T16:00:14.100176"
  },
  {
    "source": "NRL",
    "title": "JudiciaryNRL Judiciary Report: Asofa-Solomona cops two-game ban9 hours ago",
    "url": "https://www.nrl.com/news/2025/01/01/nrl-judiciary-report-2025/",
    "timestamp": "2025-07-21T16:00:14.100153"
  },
  {
    "source": "NRL",
    "title": "NRL NewsNRL Best Moments - Round 208 hours ago",
    "url": "https://www.nrl.com/news/2025/07/21/nrl-best-moments---round-20/",
    "timestamp": "2025-07-21T16:00:14.100134"
  },
  {
    "source": "NRL",
    "title": "NRLW NewsNRLW Best Moments - Round 38 hours ago",
    "url": "https://www.nrl.com/news/2025/07/21/nrlw-best-moments---round-3/",
    "timestamp": "2025-07-21T16:00:14.100095"
  }
]
Running main...
Got 10 total articles
[
  {
    "source": "ZeroTackle",
    "title": "2025 U18s Australian Schoolgirls team announced",
    "url": "https://www.zerotackle.com/2025-u18s-australian-schoolgirls-team-announced-224500/",
    "timestamp": "2025-07-21T18:42:52.483403"
  },
  {
    "source": "ZeroTackle",
    "title": "Bulldogs launch Topine defence over training incident",
    "url": "https://www.zerotackle.com/bulldogs-launch-topine-defence-over-training-incident-224503/",
    "timestamp": "2025-07-21T18:42:52.483401"
  },
  {
    "source": "ZeroTackle",
    "title": "Todd Payten\u2019s position under threat as candidate waits in the wings",
    "url": "https://www.zerotackle.com/todd-paytens-position-under-threat-as-candidate-waits-in-the-wings-224458/",
    "timestamp": "2025-07-21T18:42:52.483397"
  },
  {
    "source": "ZeroTackle",
    "title": "May\u2019s dominate as Tedesco fails: Zero Tackle\u2019s NRL MVP, Round 20",
    "url": "https://www.zerotackle.com/mays-dominate-as-tedesco-fails-zero-tackles-nrl-mvp-round-20-224508/",
    "timestamp": "2025-07-21T18:42:52.483394"
  },
  {
    "source": "ZeroTackle",
    "title": "Tabuai-Fidow becomes latest Kangaroo to weigh up international switch",
    "url": "https://www.zerotackle.com/tabuai-fidow-becomes-latest-kangaroo-to-weigh-up-international-switch-224505/",
    "timestamp": "2025-07-21T18:42:52.483380"
  },
  {
    "source": "NRL",
    "title": "Season HighlightsRound 20: Lehi to the rescuePresented by12 hours ago",
    "url": "https://www.nrl.com/news/2025/07/21/round-20-lehi-to-the-rescue/",
    "timestamp": "2025-07-21T18:42:51.437423"
  },
  {
    "source": "NRL",
    "title": "Season HighlightsRound 3: A Banu belter!Presented by12 hours ago",
    "url": "https://www.nrl.com/news/2025/07/21/round-3-a-banu-belter/",
    "timestamp": "2025-07-21T18:42:51.437401"
  },
  {
    "source": "NRL",
    "title": "JudiciaryNRL Judiciary Report: Asofa-Solomona cops two-game ban11 hours ago",
    "url": "https://www.nrl.com/news/2025/01/01/nrl-judiciary-report-2025/",
    "timestamp": "2025-07-21T18:42:51.437378"
  },
  {
    "source": "NRL",
    "title": "NRL NewsNRL Best Moments - Round 2011 hours ago",
    "url": "https://www.nrl.com/news/2025/07/21/nrl-best-moments---round-20/",
    "timestamp": "2025-07-21T18:42:51.437359"
  },
  {
    "source": "NRL",
    "title": "NRLW NewsNRLW Best Moments - Round 311 hours ago",
    "url": "https://www.nrl.com/news/2025/07/21/nrlw-best-moments---round-3/",
    "timestamp": "2025-07-21T18:42:51.437321"
  }
]
Running main...
Got 10 total articles
[
  {
    "source": "ZeroTackle",
    "title": "2025 U18s Australian Schoolgirls team announced",
    "url": "https://www.zerotackle.com/2025-u18s-australian-schoolgirls-team-announced-224500/",
    "timestamp": "2025-07-21T18:44:49.296722"
  },
  {
    "source": "ZeroTackle",
    "title": "Bulldogs launch Topine defence over training incident",
    "url": "https://www.zerotackle.com/bulldogs-launch-topine-defence-over-training-incident-224503/",
    "timestamp": "2025-07-21T18:44:49.296719"
  },
  {
    "source": "ZeroTackle",
    "title": "Todd Payten\u2019s position under threat as candidate waits in the wings",
    "url": "https://www.zerotackle.com/todd-paytens-position-under-threat-as-candidate-waits-in-the-wings-224458/",
    "timestamp": "2025-07-21T18:44:49.296715"
  },
  {
    "source": "ZeroTackle",
    "title": "May\u2019s dominate as Tedesco fails: Zero Tackle\u2019s NRL MVP, Round 20",
    "url": "https://www.zerotackle.com/mays-dominate-as-tedesco-fails-zero-tackles-nrl-mvp-round-20-224508/",
    "timestamp": "2025-07-21T18:44:49.296711"
  },
  {
    "source": "ZeroTackle",
    "title": "Tabuai-Fidow becomes latest Kangaroo to weigh up international switch",
    "url": "https://www.zerotackle.com/tabuai-fidow-becomes-latest-kangaroo-to-weigh-up-international-switch-224505/",
    "timestamp": "2025-07-21T18:44:49.296695"
  },
  {
    "source": "NRL",
    "title": "Season HighlightsRound 20: Lehi to the rescuePresented by12 hours ago",
    "url": "https://www.nrl.com/news/2025/07/21/round-20-lehi-to-the-rescue/",
    "timestamp": "2025-07-21T18:44:48.345324"
  },
  {
    "source": "NRL",
    "title": "Season HighlightsRound 3: A Banu belter!Presented by12 hours ago",
    "url": "https://www.nrl.com/news/2025/07/21/round-3-a-banu-belter/",
    "timestamp": "2025-07-21T18:44:48.345303"
  },
  {
    "source": "NRL",
    "title": "JudiciaryNRL Judiciary Report: Asofa-Solomona cops two-game ban11 hours ago",
    "url": "https://www.nrl.com/news/2025/01/01/nrl-judiciary-report-2025/",
    "timestamp": "2025-07-21T18:44:48.345280"
  },
  {
    "source": "NRL",
    "title": "NRL NewsNRL Best Moments - Round 2011 hours ago",
    "url": "https://www.nrl.com/news/2025/07/21/nrl-best-moments---round-20/",
    "timestamp": "2025-07-21T18:44:48.345261"
  },
  {
    "source": "NRL",
    "title": "NRLW NewsNRLW Best Moments - Round 311 hours ago",
    "url": "https://www.nrl.com/news/2025/07/21/nrlw-best-moments---round-3/",
    "timestamp": "2025-07-21T18:44:48.345223"
  }
]
